Assembler report for vga_rom
Wed May 23 11:41:02 2012
Quartus II Version 8.0 Build 215 05/29/2008 SJ Full Version


---------------------
; Table of Contents ;
---------------------
  1. Legal Notice
  2. Assembler Summary
  3. Assembler Settings
  4. Assembler Generated Files
  5. Assembler Device Options: D:/数设/新建文件夹_721102973/新建文件夹/VGA_rom/VGA_rom/vga_rom.sof
  6. Assembler Device Options: D:/数设/新建文件夹_721102973/新建文件夹/VGA_rom/VGA_rom/vga_rom.pof
  7. Assembler Device Options: D:/数设/新建文件夹_721102973/新建文件夹/VGA_rom/VGA_rom/vga_rom.rbf
  8. Assembler Messages



----------------
; Legal Notice ;
----------------
Copyright (C) 1991-2008 Altera Corporation
Your use of Altera Corporation's design tools, logic functions 
and other software and tools, and its AMPP partner logic 
functions, and any output files from any of the foregoing 
(including device programming or simulation files), and any 
associated documentation or information are expressly subject 
to the terms and conditions of the Altera Program License 
Subscription Agreement, Altera MegaCore Function License 
Agreement, or other applicable license agreement, including, 
without limitation, that your use is for the sole purpose of 
programming logic devices manufactured by Altera and sold by 
Altera or its authorized distributors.  Please refer to the 
applicable agreement for further details.



+---------------------------------------------------------------+
; Assembler Summary                                             ;
+-----------------------+---------------------------------------+
; Assembler Status      ; Successful - Wed May 23 11:41:02 2012 ;
; Revision Name         ; vga_rom                               ;
; Top-level Entity Name ; vga_rom                               ;
; Family                ; Cyclone II                            ;
; Device                ; EP2C20Q240C8                          ;
+-----------------------+---------------------------------------+


+--------------------------------------------------------------------------------------------------------+
; Assembler Settings                                                                                     ;
+-----------------------------------------------------------------------------+----------+---------------+
; Option                                                                      ; Setting  ; Default Value ;
+-----------------------------------------------------------------------------+----------+---------------+
; Generate Raw Binary File (.rbf) For Target Device                           ; On       ; Off           ;
; Use smart compilation                                                       ; Off      ; Off           ;
; Maximum processors allowed for parallel compilation                         ; 1        ; 1             ;
; Generate compressed bitstreams                                              ; On       ; On            ;
; Compression mode                                                            ; Off      ; Off           ;
; Clock source for configuration device                                       ; Internal ; Internal      ;
; Clock frequency of the configuration device                                 ; 10 MHZ   ; 10 MHz        ;
; Divide clock frequency by                                                   ; 1        ; 1             ;
; Auto user code                                                              ; Off      ; Off           ;
; Use configuration device                                                    ; On       ; On            ;
; Configuration device                                                        ; Auto     ; Auto          ;
; Configuration device auto user code                                         ; Off      ; Off           ;
; Generate Tabular Text File (.ttf) For Target Device                         ; Off      ; Off           ;
; Generate Hexadecimal (Intel-Format) Output File (.hexout) for Target Device ; Off      ; Off           ;
; Hexadecimal Output File start address                                       ; 0        ; 0             ;
; Hexadecimal Output File count direction                                     ; Up       ; Up            ;
; Release clears before tri-states                                            ; Off      ; Off           ;
; Auto-restart configuration after error                                      ; On       ; On            ;
; Maintain Compatibility with All Cyclone II M4K Versions                     ; On       ; On            ;
; Generate Serial Vector Format File (.svf) for Target Device                 ; Off      ; Off           ;
; Generate a JEDEC STAPL Format File (.jam) for Target Device                 ; Off      ; Off           ;
; Generate a compressed Jam STAPL Byte Code 2.0 File (.jbc) for Target Device ; Off      ; Off           ;
; Generate a compressed Jam STAPL Byte Code 2.0 File (.jbc) for Target Device ; On       ; On            ;
+-----------------------------------------------------------------------------+----------+---------------+


+---------------------------------------------------------------------+
; Assembler Generated Files                                           ;
+---------------------------------------------------------------------+
; File Name                                                           ;
+---------------------------------------------------------------------+
; D:/数设/新建文件夹_721102973/新建文件夹/VGA_rom/VGA_rom/vga_rom.sof ;
; D:/数设/新建文件夹_721102973/新建文件夹/VGA_rom/VGA_rom/vga_rom.pof ;
; D:/数设/新建文件夹_721102973/新建文件夹/VGA_rom/VGA_rom/vga_rom.rbf ;
+---------------------------------------------------------------------+


+-----------------------------------------------------------------------------------------------+
; Assembler Device Options: D:/数设/新建文件夹_721102973/新建文件夹/VGA_rom/VGA_rom/vga_rom.sof ;
+----------------+------------------------------------------------------------------------------+
; Option         ; Setting                                                                      ;
+----------------+------------------------------------------------------------------------------+
; Device         ; EP2C20Q240C8                                                                 ;
; JTAG usercode  ; 0xFFFFFFFF                                                                   ;
; Checksum       ; 0x001C922F                                                                   ;
+----------------+------------------------------------------------------------------------------+


+-----------------------------------------------------------------------------------------------+
; Assembler Device Options: D:/数设/新建文件夹_721102973/新建文件夹/VGA_rom/VGA_rom/vga_rom.pof ;
+--------------------+--------------------------------------------------------------------------+
; Option             ; Setting                                                                  ;
+--------------------+--------------------------------------------------------------------------+
; Device             ; EPC4                                                                     ;
; JTAG usercode      ; 0xFFFFFFFF                                                               ;
; Checksum           ; 0x072814C0                                                               ;
; Compression Ratio  ; 3                                                                        ;
+--------------------+--------------------------------------------------------------------------+


+-----------------------------------------------------------------------------------------------+
; Assembler Device Options: D:/数设/新建文件夹_721102973/新建文件夹/VGA_rom/VGA_rom/vga_rom.rbf ;
+---------------------+-------------------------------------------------------------------------+
; Option              ; Setting                                                                 ;
+---------------------+-------------------------------------------------------------------------+
; Raw Binary File     ;                                                                         ;
;  Compression Ratio  ; 3                                                                       ;
+---------------------+-------------------------------------------------------------------------+


+--------------------+
; Assembler Messages ;
+--------------------+
Info: *******************************************************************
Info: Running Quartus II Assembler
    Info: Version 8.0 Build 215 05/29/2008 SJ Full Version
    Info: Processing started: Wed May 23 11:41:00 2012
Info: Command: quartus_asm --read_settings_files=off --write_settings_files=off vga_rom -c vga_rom
Info: Writing out detailed assembly data for power analysis
Info: Assembler is generating device programming files
Info: Quartus II Assembler was successful. 0 errors, 0 warnings
    Info: Peak virtual memory: 173 megabytes
    Info: Processing ended: Wed May 23 11:41:02 2012
    Info: Elapsed time: 00:00:02
    Info: Total CPU time (on all processors): 00:00:01


