Flow report for vga_rom
Wed May 23 11:41:03 2012
Quartus II Version 8.0 Build 215 05/29/2008 SJ Full Version


---------------------
; Table of Contents ;
---------------------
  1. Legal Notice
  2. Flow Summary
  3. Flow Settings
  4. Flow Non-Default Global Settings
  5. Flow Elapsed Time
  6. Flow Log



----------------
; Legal Notice ;
----------------
Copyright (C) 1991-2008 Altera Corporation
Your use of Altera Corporation's design tools, logic functions 
and other software and tools, and its AMPP partner logic 
functions, and any output files from any of the foregoing 
(including device programming or simulation files), and any 
associated documentation or information are expressly subject 
to the terms and conditions of the Altera Program License 
Subscription Agreement, Altera MegaCore Function License 
Agreement, or other applicable license agreement, including, 
without limitation, that your use is for the sole purpose of 
programming logic devices manufactured by Altera and sold by 
Altera or its authorized distributors.  Please refer to the 
applicable agreement for further details.



+-------------------------------------------------------------------------------+
; Flow Summary                                                                  ;
+------------------------------------+------------------------------------------+
; Flow Status                        ; Successful - Wed May 23 11:41:03 2012    ;
; Quartus II Version                 ; 8.0 Build 215 05/29/2008 SJ Full Version ;
; Revision Name                      ; vga_rom                                  ;
; Top-level Entity Name              ; vga_rom                                  ;
; Family                             ; Cyclone II                               ;
; Device                             ; EP2C20Q240C8                             ;
; Timing Models                      ; Final                                    ;
; Met timing requirements            ; No                                       ;
; Total logic elements               ; 112 / 18,752 ( < 1 % )                   ;
;     Total combinational functions  ; 112 / 18,752 ( < 1 % )                   ;
;     Dedicated logic registers      ; 40 / 18,752 ( < 1 % )                    ;
; Total registers                    ; 40                                       ;
; Total pins                         ; 63 / 142 ( 44 % )                        ;
; Total virtual pins                 ; 0                                        ;
; Total memory bits                  ; 39,936 / 239,616 ( 17 % )                ;
; Embedded Multiplier 9-bit elements ; 0 / 52 ( 0 % )                           ;
; Total PLLs                         ; 0 / 4 ( 0 % )                            ;
+------------------------------------+------------------------------------------+


+-----------------------------------------+
; Flow Settings                           ;
+-------------------+---------------------+
; Option            ; Setting             ;
+-------------------+---------------------+
; Start date & time ; 05/23/2012 11:40:51 ;
; Main task         ; Compilation         ;
; Revision Name     ; vga_rom             ;
+-------------------+---------------------+


+---------------------------------------------------------------------------------------------------------------+
; Flow Non-Default Global Settings                                                                              ;
+------------------------+-------------------------------------------+---------------+-------------+------------+
; Assignment Name        ; Value                                     ; Default Value ; Entity Name ; Section Id ;
+------------------------+-------------------------------------------+---------------+-------------+------------+
; COMPILER_SIGNATURE_ID  ; 741078108341.133774445100284              ; --            ; --          ; --         ;
; IP_TOOL_NAME           ; ROM: 1-PORT                               ; --            ; --          ; --         ;
; IP_TOOL_VERSION        ; 8.0                                       ; --            ; --          ; --         ;
; MAX_CORE_JUNCTION_TEMP ; 85                                        ; --            ; --          ; --         ;
; MIN_CORE_JUNCTION_TEMP ; 0                                         ; --            ; --          ; --         ;
; MISC_FILE              ; F:/1.study/数设/2010/VGA2/vga_rom.dpf     ; --            ; --          ; --         ;
; MISC_FILE              ; F:/1.study/数设/2010/VGA2_vhd/vga_rom.dpf ; --            ; --          ; --         ;
; MISC_FILE              ; v_rom.bsf                                 ; --            ; --          ; --         ;
; MISC_FILE              ; v_rom.cmp                                 ; --            ; --          ; --         ;
; PARTITION_COLOR        ; 14622752                                  ; --            ; --          ; Top        ;
; PARTITION_NETLIST_TYPE ; SOURCE                                    ; --            ; --          ; Top        ;
+------------------------+-------------------------------------------+---------------+-------------+------------+


+-----------------------------------------------------------------------------------------------------------------------------+
; Flow Elapsed Time                                                                                                           ;
+-------------------------+--------------+-------------------------+---------------------+------------------------------------+
; Module Name             ; Elapsed Time ; Average Processors Used ; Peak Virtual Memory ; Total CPU Time (on all processors) ;
+-------------------------+--------------+-------------------------+---------------------+------------------------------------+
; Analysis & Synthesis    ; 00:00:02     ; 1.0                     ; 184 MB              ; 00:00:02                           ;
; Fitter                  ; 00:00:05     ; 1.0                     ; 187 MB              ; 00:00:04                           ;
; Assembler               ; 00:00:02     ; 1.0                     ; 173 MB              ; 00:00:01                           ;
; Classic Timing Analyzer ; 00:00:00     ; 1.0                     ; 113 MB              ; 00:00:00                           ;
; Total                   ; 00:00:09     ; --                      ; --                  ; 00:00:07                           ;
+-------------------------+--------------+-------------------------+---------------------+------------------------------------+


------------
; Flow Log ;
------------
quartus_map --read_settings_files=on --write_settings_files=off vga_rom -c vga_rom
quartus_fit --read_settings_files=off --write_settings_files=off vga_rom -c vga_rom
quartus_asm --read_settings_files=off --write_settings_files=off vga_rom -c vga_rom
quartus_tan --read_settings_files=off --write_settings_files=off vga_rom -c vga_rom --timing_analysis_only



